#
# A fatal error has been detected by the Java Runtime Environment:
#
#  Internal Error (0xc0020001), pid=6604, tid=8724
#
# JRE version: Java(TM) SE Runtime Environment (8.0_45-b15) (build 1.8.0_45-b15)
# Java VM: Java HotSpot(TM) Client VM (25.45-b02 mixed mode windows-x86 )
# Problematic frame:
# C  [KERNELBASE.dll+0x14598]
#
# Failed to write core dump. Minidumps are not enabled by default on client versions of Windows
#
# If you would like to submit a bug report, please visit:
#   http://bugreport.java.com/bugreport/crash.jsp
# The crash happened outside the Java Virtual Machine in native code.
# See problematic frame for where to report the bug.
#

---------------  T H R E A D  ---------------

Current thread (0x23243400):  JavaThread "Thread-6" daemon [_thread_in_native, id=8724, stack(0x0b540000,0x0b640000)]

siginfo: ExceptionCode=0xc0020001, ExceptionInformation=0x8007042b 

Registers:
EAX=0x0b63e5b0, EBX=0x0001d4c0, ECX=0x00000001, EDX=0x00000000
ESP=0x0b63e5b0, EBP=0x0b63e60c, ESI=0x0ad61308, EDI=0x23243400
EIP=0x76374598, EFLAGS=0x00000212

Top of Stack: (sp=0x0b63e5b0)
0x0b63e5b0:   c0020001 00000001 00000000 76374598
0x0b63e5c0:   00000001 8007042b 134587b0 0b63e5d8
0x0b63e5d0:   134585a8 111769c8 0b63e748 11176df8
0x0b63e5e0:   23c94b13 0001d4c0 000157c0 00007d00
0x0b63e5f0:   23c948cb 0001d4c0 111761e4 134587b0
0x0b63e600:   0b63e614 4577676b 628dde4a 0b63e628
0x0b63e610:   62e8f47b c0020001 00000001 00000001
0x0b63e620:   0b63e624 8007042b 0b63e638 62e1e29e 

Instructions: (pc=0x76374598)
0x76374578:   e0 01 c7 44 24 0c 50 45 37 76 89 44 24 04 85 c9
0x76374588:   75 1f 21 4c 24 10 8d 04 24 50 ff 15 2c 63 42 76
0x76374598:   8b 4c 24 54 33 cc e8 11 a7 ff ff 8b e5 5d c2 10
0x763745a8:   00 8b 45 10 83 f8 0f 77 18 89 44 24 10 c1 e0 02 


Register to memory mapping:

EAX=0x0b63e5b0 is pointing into the stack for thread: 0x23243400
EBX=0x0001d4c0 is an unknown value
ECX=0x00000001 is an unknown value
EDX=0x00000000 is an unknown value
ESP=0x0b63e5b0 is pointing into the stack for thread: 0x23243400
EBP=0x0b63e60c is pointing into the stack for thread: 0x23243400
ESI=0x0ad61308 is an unknown value
EDI=0x23243400 is a thread


Stack: [0x0b540000,0x0b640000],  sp=0x0b63e5b0,  free space=1017k
Native frames: (J=compiled Java code, j=interpreted, Vv=VM code, C=native code)
C  [KERNELBASE.dll+0x14598]
C  [mscorwks.dll+0x24f47b]
C  [mscorwks.dll+0x1de29e]
C  [mscorwks.dll+0x1e8d]
J 118  flash.tools.debugger.__IProgress.setProgress(II)V (0 bytes) @ 0x1117a85e [0x1117a7d0+0x8e]
J 120 C1 flash.tools.debugger.concrete.PlayerSessionManager.accept(Lflash/tools/debugger/concrete/ProcessListener;Lflash/tools/debugger/IProgress;)Lflash/tools/debugger/Session; (167 bytes) @ 0x1117afd0 [0x1117ad10+0x2c0]
j  flash.tools.debugger.concrete.PlayerSessionManager.accept(Lflash/tools/debugger/IProgress;)Lflash/tools/debugger/Session;+3
v  ~StubRoutines::call_stub
V  [jvm.dll+0x155cb5]
V  [jvm.dll+0x21b12e]
V  [jvm.dll+0x155d4e]
V  [jvm.dll+0xdae87]
V  [jvm.dll+0xdc9ec]
C  [mscorwks.dll+0x1d39]
C  0x0084bd7b
C  0x131ff92f
C  0x23c9448c
C  0x23c92bdc
C  0x23c92985
C  [System.ni.dll+0x4a177d]
C  [System.ni.dll+0x4a14de]
C  [mscorwks.dll+0x1b6c]
C  [mscorwks.dll+0x18fba]
C  [mscorwks.dll+0x301473]
C  [mscorwks.dll+0x30190a]
C  [mscorlib.ni.dll+0x1b95c3]
C