#
# A fatal error has been detected by the Java Runtime Environment:
#
#  Internal Error (0xc0020001), pid=6940, tid=2900
#
# JRE version: Java(TM) SE Runtime Environment (8.0_45-b15) (build 1.8.0_45-b15)
# Java VM: Java HotSpot(TM) Client VM (25.45-b02 mixed mode windows-x86 )
# Problematic frame:
# C  [KERNELBASE.dll+0x14598]
#
# Failed to write core dump. Minidumps are not enabled by default on client versions of Windows
#
# If you would like to submit a bug report, please visit:
#   http://bugreport.java.com/bugreport/crash.jsp
# The crash happened outside the Java Virtual Machine in native code.
# See problematic frame for where to report the bug.
#

---------------  T H R E A D  ---------------

Current thread (0x11a74800):  JavaThread "Thread-3" daemon [_thread_in_native, id=2900, stack(0x05320000,0x05420000)]

siginfo: ExceptionCode=0xc0020001, ExceptionInformation=0x8007042b 

Registers:
EAX=0x0541e850, EBX=0x0001d4c0, ECX=0x00000001, EDX=0x00000000
ESP=0x0541e850, EBP=0x0541e8ac, ESI=0x0b0fd450, EDI=0x11a74800
EIP=0x74ea4598, EFLAGS=0x00000216

Top of Stack: (sp=0x0541e850)
0x0541e850:   c0020001 00000001 00000000 74ea4598
0x0541e860:   00000001 8007042b 180b1790 0541e878
0x0541e870:   180b1588 15d069c8 0541e9e8 15d06df8
0x0541e880:   0ff0e673 0001d4c0 00003fac 00019514
0x0541e890:   0ff0e42b 0001d4c0 15d061e4 180b1790
0x0541e8a0:   0541e8b4 b18a5eb0 5edcde4a 0541e8c8
0x0541e8b0:   6363f47b c0020001 00000001 00000001
0x0541e8c0:   0541e8c4 8007042b 0541e8d8 635ce29e 

Instructions: (pc=0x74ea4598)
0x74ea4578:   e0 01 c7 44 24 0c 50 45 ea 74 89 44 24 04 85 c9
0x74ea4588:   75 1f 21 4c 24 10 8d 04 24 50 ff 15 2c 63 f5 74
0x74ea4598:   8b 4c 24 54 33 cc e8 11 a7 ff ff 8b e5 5d c2 10
0x74ea45a8:   00 8b 45 10 83 f8 0f 77 18 89 44 24 10 c1 e0 02 


Register to memory mapping:

EAX=0x0541e850 is pointing into the stack for thread: 0x11a74800
EBX=0x0001d4c0 is an unknown value
ECX=0x00000001 is an unknown value
EDX=0x00000000 is an unknown value
ESP=0x0541e850 is pointing into the stack for thread: 0x11a74800
EBP=0x0541e8ac is pointing into the stack for thread: 0x11a74800
ESI=0x0b0fd450 is an unknown value
EDI=0x11a74800 is a thread


Stack: [0x05320000,0x05420000],  sp=0x0541e850,  free space=1018k
Native frames: (J=compiled Java code, j=interpreted, Vv=VM code, C=native code)
C  [KERNELBASE.dll+0x14598]
C  [mscorwks.dll+0x24f47b]
C  [mscorwks.dll+0x1de29e]
C  [mscorwks.dll+0x1e8d]
J 118  flash.tools.debugger.__IProgress.setProgress(II)V (0 bytes) @ 0x15d0a85e [0x15d0a7d0+0x8e]
J 120 C1 flash.tools.debugger.concrete.PlayerSessionManager.accept(Lflash/tools/debugger/concrete/ProcessListener;Lflash/tools/debugger/IProgress;)Lflash/tools/debugger/Session; (167 bytes) @ 0x15d0afd0 [0x15d0ad10+0x2c0]
j  flash.tools.debugger.concrete.PlayerSessionManager.accept(Lflash/tools/debugger/IProgress;)Lflash/tools/debugger/Session;+3
v  ~StubRoutines::call_stub
C  0x5eec5cb5
C  0x5ef8b12e
