#
# A fatal error has been detected by the Java Runtime Environment:
#
#  Internal Error (0xc0020001), pid=6076, tid=7352
#
# JRE version: Java(TM) SE Runtime Environment (8.0_45-b15) (build 1.8.0_45-b15)
# Java VM: Java HotSpot(TM) Client VM (25.45-b02 mixed mode windows-x86 )
# Problematic frame:
# C  [KERNELBASE.dll+0x14598]
#
# Failed to write core dump. Minidumps are not enabled by default on client versions of Windows
#
# If you would like to submit a bug report, please visit:
#   http://bugreport.java.com/bugreport/crash.jsp
# The crash happened outside the Java Virtual Machine in native code.
# See problematic frame for where to report the bug.
#

---------------  T H R E A D  ---------------

Current thread (0x0f95a800):  JavaThread "Thread-0" daemon [_thread_in_native, id=7352, stack(0x04530000,0x04630000)]

siginfo: ExceptionCode=0xc0020001, ExceptionInformation=0x8007042b 

Registers:
EAX=0x0462e3b0, EBX=0x0001d4c0, ECX=0x00000001, EDX=0x00000000
ESP=0x0462e3b0, EBP=0x0462e40c, ESI=0x07d481d8, EDI=0x0f95a800
EIP=0x74b04598, EFLAGS=0x00000212

Top of Stack: (sp=0x0462e3b0)
0x0462e3b0:   c0020001 00000001 00000000 74b04598
0x0462e3c0:   00000001 8007042b 1327d888 0462e3d8
0x0462e3d0:   1327d680 111769c8 0462e548 11176df8
0x0462e3e0:   0cac8d7b 0001d4c0 00010108 0000d3b8
0x0462e3f0:   0cac8b33 0001d4c0 111761e4 1327d888
0x0462e400:   0462e414 836f803a 5f48de4a 0462e428
0x0462e410:   629af47b c0020001 00000001 00000001
0x0462e420:   0462e424 8007042b 0462e438 6293e29e 

Instructions: (pc=0x74b04598)
0x74b04578:   e0 01 c7 44 24 0c 50 45 b0 74 89 44 24 04 85 c9
0x74b04588:   75 1f 21 4c 24 10 8d 04 24 50 ff 15 2c 63 bb 74
0x74b04598:   8b 4c 24 54 33 cc e8 11 a7 ff ff 8b e5 5d c2 10
0x74b045a8:   00 8b 45 10 83 f8 0f 77 18 89 44 24 10 c1 e0 02 


Register to memory mapping:

EAX=0x0462e3b0 is pointing into the stack for thread: 0x0f95a800
EBX=0x0001d4c0 is an unknown value
ECX=0x00000001 is an unknown value
EDX=0x00000000 is an unknown value
ESP=0x0462e3b0 is pointing into the stack for thread: 0x0f95a800
EBP=0x0462e40c is pointing into the stack for thread: 0x0f95a800
ESI=0x07d481d8 is an unknown value
EDI=0x0f95a800 is a thread


Stack: [0x04530000,0x04630000],  sp=0x0462e3b0,  free space=1016k
Native frames: (J=compiled Java code, j=interpreted, Vv=VM code, C=native code)
C  [KERNELBASE.dll+0x14598]
C  [mscorwks.dll+0x24f47b]
C  [mscorwks.dll+0x1de29e]
C  [mscorwks.dll+0x1e8d]
J 118  flash.tools.debugger.__IProgress.setProgress(II)V (0 bytes) @ 0x1117a85e [0x1117a7d0+0x8e]
J 120 C1 flash.tools.debugger.concrete.PlayerSessionManager.accept(Lflash/tools/debugger/concrete/ProcessListener;Lflash/tools/debugger/IProgress;)Lflash/tools/debugger/Session; (167 bytes) @ 0x1117afd0 [0x1117ad10+0x2c0]
j  flash.tools.debugger.concrete.PlayerSessionManager.accept(Lflash/tools/debugger/IProgress;)Lflash/tools/debugger/Session;+3
v  ~StubRoutines::call_stub
V  [jvm.dll+0x155cb5]
V  [jvm.dll+0x21b12e]
V  [jvm.dll+0x155d4e]
V  [jvm.dll+0xdae87]
V  [jvm.dll+0xdc9ec]
C  [mscorwks.dll+0x1d39]
C  0x0054bd7b
C  0x0caa3edf
C  0x0cac876c
C