#
# A fatal error has been detected by the Java Runtime Environment:
#
#  Internal Error (0xc0020001), pid=8224, tid=3676
#
# JRE version: Java(TM) SE Runtime Environment (8.0_45-b15) (build 1.8.0_45-b15)
# Java VM: Java HotSpot(TM) Client VM (25.45-b02 mixed mode windows-x86 )
# Problematic frame:
# C  [KERNELBASE.dll+0x14598]
#
# Failed to write core dump. Minidumps are not enabled by default on client versions of Windows
#
# If you would like to submit a bug report, please visit:
#   http://bugreport.java.com/bugreport/crash.jsp
# The crash happened outside the Java Virtual Machine in native code.
# See problematic frame for where to report the bug.
#

---------------  T H R E A D  ---------------

Current thread (0x227cb800):  JavaThread "Thread-6" daemon [_thread_in_native, id=3676, stack(0x0b920000,0x0ba20000)]

siginfo: ExceptionCode=0xc0020001, ExceptionInformation=0x8007042b 

Registers:
EAX=0x0ba1ea60, EBX=0x0001d4c0, ECX=0x00000001, EDX=0x00000000
ESP=0x0ba1ea60, EBP=0x0ba1eabc, ESI=0x0a340120, EDI=0x227cb800
EIP=0x76374598, EFLAGS=0x00000216

Top of Stack: (sp=0x0ba1ea60)
0x0ba1ea60:   c0020001 00000001 00000000 76374598
0x0ba1ea70:   00000001 8007042b 12408a00 0ba1ea88
0x0ba1ea80:   124087f8 101769c8 0ba1ebf8 10176df8
0x0ba1ea90:   231c572b 0001d4c0 0000c9f4 00010acc
0x0ba1eaa0:   231c54e3 0001d4c0 101761e4 12408a00
0x0ba1eab0:   0ba1eac4 1abd0adb 64f4de4a 0ba1ead8
0x0ba1eac0:   69d6f47b c0020001 00000001 00000001
0x0ba1ead0:   0ba1ead4 8007042b 0ba1eae8 69cfe29e 

Instructions: (pc=0x76374598)
0x76374578:   e0 01 c7 44 24 0c 50 45 37 76 89 44 24 04 85 c9
0x76374588:   75 1f 21 4c 24 10 8d 04 24 50 ff 15 2c 63 42 76
0x76374598:   8b 4c 24 54 33 cc e8 11 a7 ff ff 8b e5 5d c2 10
0x763745a8:   00 8b 45 10 83 f8 0f 77 18 89 44 24 10 c1 e0 02 


Register to memory mapping:

EAX=0x0ba1ea60 is pointing into the stack for thread: 0x227cb800
EBX=0x0001d4c0 is an unknown value
ECX=0x00000001 is an unknown value
EDX=0x00000000 is an unknown value
ESP=0x0ba1ea60 is pointing into the stack for thread: 0x227cb800
EBP=0x0ba1eabc is pointing into the stack for thread: 0x227cb800
ESI=0x0a340120 is an unknown value
EDI=0x227cb800 is a thread


Stack: [0x0b920000,0x0ba20000],  sp=0x0ba1ea60,  free space=1018k
Native frames: (J=compiled Java code, j=interpreted, Vv=VM code, C=native code)
C  [KERNELBASE.dll+0x14598]
C  [mscorwks.dll+0x24f47b]
C  [mscorwks.dll+0x1de29e]
C  [mscorwks.dll+0x1e8d]
J 118  flash.tools.debugger.__IProgress.setProgress(II)V (0 bytes) @ 0x1017a85e [0x1017a7d0+0x8e]
J 120 C1 flash.tools.debugger.concrete.PlayerSessionManager.accept(Lflash/tools/debugger/concrete/ProcessListener;Lflash/tools/debugger/IProgress;)Lflash/tools/debugger/Session; (167 bytes) @ 0x1017afd0 [0x1017ad10+0x2c0]
j  flash.tools.debugger.concrete.PlayerSessionManager.accept(Lflash/tools/debugger/IProgress;)Lflash/tools/debugger/Session;+3
v  ~StubRoutines::call_stub
V